2022-08-13 14:53:38,549 INFO Starting Nacos v1.1.3 on lv with PID 21244 (D:\opensource\Git\interview\专题讲解\SpringCloudAlibaba学习\resource\nacos\target\nacos-server.jar started by 吕智星 in D:\opensource\Git\interview\专题讲解\SpringCloudAlibaba学习\resource\nacos\bin)

2022-08-13 14:53:38,550 INFO The following profiles are active: standalone

2022-08-13 14:53:39,603 INFO Bean 'org.springframework.security.config.annotation.configuration.ObjectPostProcessorConfiguration' of type [org.springframework.security.config.annotation.configuration.ObjectPostProcessorConfiguration$$EnhancerBySpringCGLIB$$2e2ecc17] is not eligible for getting processed by all BeanPostProcessors (for example: not eligible for auto-proxying)

2022-08-13 14:53:39,658 INFO Bean 'objectPostProcessor' of type [org.springframework.security.config.annotation.configuration.AutowireBeanFactoryObjectPostProcessor] is not eligible for getting processed by all BeanPostProcessors (for example: not eligible for auto-proxying)

2022-08-13 14:53:39,660 INFO Bean 'org.springframework.security.access.expression.method.DefaultMethodSecurityExpressionHandler@117159c0' of type [org.springframework.security.access.expression.method.DefaultMethodSecurityExpressionHandler] is not eligible for getting processed by all BeanPostProcessors (for example: not eligible for auto-proxying)

2022-08-13 14:53:39,660 INFO Bean 'org.springframework.security.config.annotation.method.configuration.GlobalMethodSecurityConfiguration' of type [org.springframework.security.config.annotation.method.configuration.GlobalMethodSecurityConfiguration$$EnhancerBySpringCGLIB$$53036ec9] is not eligible for getting processed by all BeanPostProcessors (for example: not eligible for auto-proxying)

2022-08-13 14:53:39,663 INFO Bean 'methodSecurityMetadataSource' of type [org.springframework.security.access.method.DelegatingMethodSecurityMetadataSource] is not eligible for getting processed by all BeanPostProcessors (for example: not eligible for auto-proxying)

2022-08-13 14:53:40,173 INFO Tomcat initialized with port(s): 8848 (http)

2022-08-13 14:53:40,192 INFO Starting service [Tomcat]

2022-08-13 14:53:40,192 INFO Starting Servlet Engine: Apache Tomcat/9.0.13

2022-08-13 14:53:40,201 INFO The APR based Apache Tomcat Native library which allows optimal performance in production environments was not found on the java.library.path: [C:\Program Files\Java\jdk1.8.0_131\bin;C:\WINDOWS\Sun\Java\bin;C:\WINDOWS\system32;C:\WINDOWS;C:\Program Files (x86)\Common Files\NetSarang;C:\ProgramData\Oracle\Java\javapath;C:\Windows\system32;C:\Windows;D:\opensource\vue1;C:\Windows\System32\Wbem;C:\Windows\System32\WindowsPowerShell\v1.0\;C:\Windows\System32\OpenSSH\;C:\Program Files (x86)\NVIDIA Corporation\PhysX\Common;C:\Program Files\NVIDIA Corporation\NVIDIA NvDLISR;C:\WINDOWS\system32;C:\WINDOWS;C:\WINDOWS\System32\Wbem;C:\WINDOWS\System32\WindowsPowerShell\v1.0\;C:\WINDOWS\System32\OpenSSH\;C:\Program Files\MySQL\MySQL Server 5.5\bin;D:\opensource\apache-maven-3.3.9\bin;D:\opensource\vue\;C:\Program Files\TortoiseGit\bin;D:\opensource\MQ\erl9.2;C:\Users\吕智星\AppData\Local\Microsoft\WindowsApps;C:\Program Files\Java\jdk1.8.0_131\bin;C:\Users\吕智星\AppData\Roaming\npm;.]

2022-08-13 14:53:40,263 INFO Initializing Spring embedded WebApplicationContext

2022-08-13 14:53:40,264 INFO Root WebApplicationContext: initialization completed in 1679 ms

2022-08-13 14:53:42,499 INFO Use Mysql as the driver

2022-08-13 14:53:42,699 INFO Initializing ExecutorService 'applicationTaskExecutor'

2022-08-13 14:53:43,020 INFO Adding welcome page: class path resource [static/index.html]

2022-08-13 14:53:43,263 INFO Creating filter chain: Ant [pattern='/'], []

2022-08-13 14:53:43,264 INFO Creating filter chain: Ant [pattern='/**/*.css'], []

2022-08-13 14:53:43,265 INFO Creating filter chain: Ant [pattern='/**/*.js'], []

2022-08-13 14:53:43,265 INFO Creating filter chain: Ant [pattern='/**/*.html'], []

2022-08-13 14:53:43,265 INFO Creating filter chain: Ant [pattern='/**/*.map'], []

2022-08-13 14:53:43,265 INFO Creating filter chain: Ant [pattern='/**/*.svg'], []

2022-08-13 14:53:43,266 INFO Creating filter chain: Ant [pattern='/**/*.png'], []

2022-08-13 14:53:43,266 INFO Creating filter chain: Ant [pattern='/**/*.ico'], []

2022-08-13 14:53:43,266 INFO Creating filter chain: Ant [pattern='/console-fe/public/**'], []

2022-08-13 14:53:43,266 INFO Creating filter chain: Ant [pattern='/v1/auth/login'], []

2022-08-13 14:53:43,266 INFO Creating filter chain: Ant [pattern='/v1/console/health/**'], []

2022-08-13 14:53:43,267 INFO Creating filter chain: Ant [pattern='/v1/cs/**'], []

2022-08-13 14:53:43,267 INFO Creating filter chain: Ant [pattern='/v1/ns/**'], []

2022-08-13 14:53:43,267 INFO Creating filter chain: Ant [pattern='/v1/cmdb/**'], []

2022-08-13 14:53:43,267 INFO Creating filter chain: Ant [pattern='/actuator/**'], []

2022-08-13 14:53:43,267 INFO Creating filter chain: Ant [pattern='/v1/console/server/**'], []

2022-08-13 14:53:43,286 INFO Creating filter chain: any request, [org.springframework.security.web.context.request.async.WebAsyncManagerIntegrationFilter@f74e835, org.springframework.security.web.context.SecurityContextPersistenceFilter@58670130, org.springframework.security.web.header.HeaderWriterFilter@f27ea3, org.springframework.security.web.authentication.logout.LogoutFilter@46f699d5, com.alibaba.nacos.console.filter.JwtAuthenticationTokenFilter@3276732, org.springframework.security.web.savedrequest.RequestCacheAwareFilter@9bd0fa6, org.springframework.security.web.servletapi.SecurityContextHolderAwareRequestFilter@6e4de19b, org.springframework.security.web.authentication.AnonymousAuthenticationFilter@3f28bd56, org.springframework.security.web.session.SessionManagementFilter@346939bf, org.springframework.security.web.access.ExceptionTranslationFilter@3383649e, org.springframework.security.web.access.intercept.FilterSecurityInterceptor@7db82169]

2022-08-13 14:53:43,307 INFO Exposing 2 endpoint(s) beneath base path '/actuator'

2022-08-13 14:53:43,325 INFO Initializing ExecutorService 'taskScheduler'

2022-08-13 14:53:43,388 INFO Tomcat started on port(s): 8848 (http) with context path '/nacos'

2022-08-13 14:53:43,392 INFO Started Nacos in 5.607 seconds (JVM running for 6.029)

2022-08-13 14:53:43,392 INFO Nacos Log files: D:\opensource\Git\interview\专题讲解\SpringCloudAlibaba学习\resource\nacos/logs/

2022-08-13 14:53:43,394 INFO Nacos Conf files: D:\opensource\Git\interview\专题讲解\SpringCloudAlibaba学习\resource\nacos/conf/

2022-08-13 14:53:43,394 INFO Nacos Data files: D:\opensource\Git\interview\专题讲解\SpringCloudAlibaba学习\resource\nacos/data/

2022-08-13 14:53:43,394 INFO Nacos started successfully in stand alone mode.

2022-08-13 14:53:47,425 INFO Initializing Spring DispatcherServlet 'dispatcherServlet'

2022-08-13 14:53:47,426 INFO Initializing Servlet 'dispatcherServlet'

2022-08-13 14:53:47,433 INFO Completed initialization in 7 ms

2022-08-13 14:53:54,601 INFO A cookie header was received [1652694502,1652695288,1652697276] that contained an invalid cookie. That cookie will be ignored.Note: further occurrences of this error will be logged at DEBUG level.

2022-08-13 14:53:54,866 ERROR Responding with unauthorized error. Message - Full authentication is required to access this resource

2022-08-13 15:03:42,376 INFO [capacityManagement] start correct usage

2022-08-13 15:03:42,402 INFO [capacityManagement] end correct usage, cost: 0s

2022-08-13 15:03:42,499 WARN clearConfigHistory start

2022-08-13 15:13:42,409 INFO [capacityManagement] start correct usage

2022-08-13 15:13:42,417 INFO [capacityManagement] end correct usage, cost: 0s

2022-08-13 15:13:42,516 WARN clearConfigHistory start

2022-08-13 15:23:42,426 INFO [capacityManagement] start correct usage

2022-08-13 15:23:42,427 INFO [capacityManagement] end correct usage, cost: 0s

2022-08-13 15:23:42,520 WARN clearConfigHistory start

2022-08-13 15:33:42,432 INFO [capacityManagement] start correct usage

2022-08-13 15:33:42,434 INFO [capacityManagement] end correct usage, cost: 0s

2022-08-13 15:33:42,525 WARN clearConfigHistory start

2022-08-13 15:43:42,440 INFO [capacityManagement] start correct usage

2022-08-13 15:43:42,441 INFO [capacityManagement] end correct usage, cost: 0s

2022-08-13 15:43:42,535 WARN clearConfigHistory start

2022-08-13 15:53:42,455 INFO [capacityManagement] start correct usage

2022-08-13 15:53:42,456 INFO [capacityManagement] end correct usage, cost: 0s

2022-08-13 15:53:42,549 WARN clearConfigHistory start

2022-08-13 16:03:42,465 INFO [capacityManagement] start correct usage

2022-08-13 16:03:42,466 INFO [capacityManagement] end correct usage, cost: 0s

2022-08-13 16:03:42,559 WARN clearConfigHistory start

2022-08-13 16:13:42,483 INFO [capacityManagement] start correct usage

2022-08-13 16:13:42,485 INFO [capacityManagement] end correct usage, cost: 0s

2022-08-13 16:13:42,562 WARN clearConfigHistory start

2022-08-13 16:15:54,793 INFO Expired JWT token.

2022-08-13 16:15:54,795 ERROR Responding with unauthorized error. Message - Full authentication is required to access this resource

2022-08-13 16:23:42,499 INFO [capacityManagement] start correct usage

2022-08-13 16:23:42,506 INFO [capacityManagement] end correct usage, cost: 0s

2022-08-13 16:23:42,577 WARN clearConfigHistory start

2022-08-13 16:33:42,507 INFO [capacityManagement] start correct usage

2022-08-13 16:33:42,508 INFO [capacityManagement] end correct usage, cost: 0s

2022-08-13 16:33:42,585 WARN clearConfigHistory start

2022-08-13 16:43:42,514 INFO [capacityManagement] start correct usage

2022-08-13 16:43:42,515 INFO [capacityManagement] end correct usage, cost: 0s

2022-08-13 16:43:42,593 WARN clearConfigHistory start

