2022-08-13 14:54:12,505 INFO PERFORMANCE:|0|0|-1|-1

2022-08-13 14:59:12,518 INFO PERFORMANCE:|0|0|-1|-1

2022-08-13 15:04:12,530 INFO PERFORMANCE:|0|0|-1|-1

2022-08-13 15:09:12,544 INFO PERFORMANCE:|0|0|-1|-1

2022-08-13 15:14:12,553 INFO PERFORMANCE:|1|1|-1|-1

2022-08-13 15:19:12,567 INFO PERFORMANCE:|1|1|-1|-1

2022-08-13 15:24:12,575 INFO PERFORMANCE:|1|1|-1|-1

2022-08-13 15:29:12,584 INFO PERFORMANCE:|1|1|-1|-1

2022-08-13 15:34:12,585 INFO PERFORMANCE:|1|1|-1|-1

2022-08-13 15:39:12,592 INFO PERFORMANCE:|2|2|-1|-1

2022-08-13 15:44:12,595 INFO PERFORMANCE:|2|1|-1|-1

2022-08-13 15:49:12,607 INFO PERFORMANCE:|2|1|-1|-1

2022-08-13 15:54:12,609 INFO PERFORMANCE:|2|1|-1|-1

2022-08-13 15:59:12,615 INFO PERFORMANCE:|2|1|-1|-1

2022-08-13 16:04:12,615 INFO PERFORMANCE:|2|1|-1|-1

2022-08-13 16:09:12,621 INFO PERFORMANCE:|2|1|-1|-1

2022-08-13 16:14:12,627 INFO PERFORMANCE:|2|2|-1|-1

2022-08-13 16:19:12,635 INFO PERFORMANCE:|2|2|-1|-1

2022-08-13 16:24:12,645 INFO PERFORMANCE:|2|2|-1|-1

2022-08-13 16:29:12,657 INFO PERFORMANCE:|2|2|-1|-1

2022-08-13 16:34:12,664 INFO PERFORMANCE:|2|2|-1|-1

2022-08-13 16:39:12,674 INFO PERFORMANCE:|2|2|-1|-1

2022-08-13 16:44:12,676 INFO PERFORMANCE:|2|2|-1|-1

